<?xml version="1.0" encoding="UTF-8"?>
<TestRun id="ebfe1fd4-08a1-47cc-b8a7-f53eb91c19a1" name="cfc@CFC-WINDOWS 2012-01-11 20:46:57" runUser="cfc-windows\cfc" xmlns="http://microsoft.com/schemas/VisualStudio/TeamTest/2010">
  <TestSettings name="Local" id="3282472d-88bf-40f6-b2e7-bdaac513d63a">
    <Description>These are default test settings for a local test run.</Description>
    <Deployment enabled="false" runDeploymentRoot="cfc_CFC-WINDOWS 2012-01-11 20_46_57">
      <DeploymentItem filename="C:\Projetos\CursoTestes\Vendas\bin\Debug\Vendas.exe" />
    </Deployment>
    <Execution>
      <TestTypeSpecific />
      <AgentRule name="Execution Agents">
      </AgentRule>
    </Execution>
  </TestSettings>
  <Times creation="2012-01-11T20:46:57.1535194-02:00" queuing="2012-01-11T20:46:58.5165951-02:00" start="2012-01-11T20:46:58.6636018-02:00" finish="2012-01-11T20:46:59.1476289-02:00" />
  <ResultSummary outcome="Completed">
    <Counters total="1" executed="1" passed="1" error="0" failed="0" timeout="0" aborted="0" inconclusive="0" passedButRunAborted="0" notRunnable="0" notExecuted="0" disconnected="0" warning="0" completed="0" inProgress="0" pending="0" />
  </ResultSummary>
  <TestDefinitions>
    <UnitTest name="testaValor100EsperaRetorno5" storage="c:\projetos\cursotestes\vendasunittests\bin\debug\vendasunittests.dll" id="83fbda11-42ae-38b8-7669-630191670a57">
      <Execution id="8676adc2-459e-4576-bfd7-7a0aa7173378" />
      <TestMethod codeBase="C:/Projetos/CursoTestes/VendasUnitTests/bin/Debug/VendasUnitTests.DLL" adapterTypeName="Microsoft.VisualStudio.TestTools.TestTypes.Unit.UnitTestAdapter, Microsoft.VisualStudio.QualityTools.Tips.UnitTest.Adapter, Version=10.0.0.0, Culture=neutral, PublicKeyToken=b03f5f7f11d50a3a" className="TestProject.CalculadoraComissaoUnitTest, VendasUnitTests, Version=1.0.0.0, Culture=neutral, PublicKeyToken=null" name="testaValor100EsperaRetorno5" />
    </UnitTest>
  </TestDefinitions>
  <TestLists>
    <TestList name="Results Not in a List" id="8c84fa94-04c1-424b-9868-57a2d4851a1d" />
    <TestList name="All Loaded Results" id="19431567-8539-422a-85d7-44ee4e166bda" />
  </TestLists>
  <TestEntries>
    <TestEntry testId="83fbda11-42ae-38b8-7669-630191670a57" executionId="8676adc2-459e-4576-bfd7-7a0aa7173378" testListId="8c84fa94-04c1-424b-9868-57a2d4851a1d" />
  </TestEntries>
  <Results>
    <UnitTestResult executionId="8676adc2-459e-4576-bfd7-7a0aa7173378" testId="83fbda11-42ae-38b8-7669-630191670a57" testName="testaValor100EsperaRetorno5" computerName="CFC-WINDOWS" duration="00:00:00.0246070" startTime="2012-01-11T20:46:58.6916029-02:00" endTime="2012-01-11T20:46:59.0196216-02:00" testType="13cdc9d9-ddb5-4fa4-a97d-d965ccfc6d4b" outcome="Passed" testListId="8c84fa94-04c1-424b-9868-57a2d4851a1d" relativeResultsDirectory="8676adc2-459e-4576-bfd7-7a0aa7173378">
    </UnitTestResult>
  </Results>
</TestRun>